<?xml version="1.0" encoding="UTF-8"?>
<testsuite name="com.jojoldu.book.springboot.web.IndexControllerTest" tests="1" skipped="0" failures="0" errors="0" timestamp="2021-04-29T11:17:27" hostname="DESKTOP-GVRKPSE" time="0.738">
  <properties/>
  <testcase name="메인페이지_로딩" classname="com.jojoldu.book.springboot.web.IndexControllerTest" time="0.738"/>
  <system-out><![CDATA[2021-04-29 20:17:18.753  INFO 13008 --- [    Test worker] .b.t.c.SpringBootTestContextBootstrapper : Neither @ContextConfiguration nor @ContextHierarchy found for test class [com.jojoldu.book.springboot.web.IndexControllerTest], using SpringBootContextLoader
2021-04-29 20:17:18.755  INFO 13008 --- [    Test worker] o.s.t.c.support.AbstractContextLoader    : Could not detect default resource locations for test class [com.jojoldu.book.springboot.web.IndexControllerTest]: no resource found for suffixes {-context.xml, Context.groovy}.
2021-04-29 20:17:18.755  INFO 13008 --- [    Test worker] t.c.s.AnnotationConfigContextLoaderUtils : Could not detect default configuration classes for test class [com.jojoldu.book.springboot.web.IndexControllerTest]: IndexControllerTest does not declare any static, non-private, non-final, nested classes annotated with @Configuration.
2021-04-29 20:17:18.758  INFO 13008 --- [    Test worker] .b.t.c.SpringBootTestContextBootstrapper : Found @SpringBootConfiguration com.jojoldu.book.springboot.Application for test class com.jojoldu.book.springboot.web.IndexControllerTest
2021-04-29 20:17:18.766  INFO 13008 --- [    Test worker] .b.t.c.SpringBootTestContextBootstrapper : Loaded default TestExecutionListener class names from location [META-INF/spring.factories]: [org.springframework.security.test.context.support.WithSecurityContextTestExecutionListener, org.springframework.security.test.context.support.ReactorContextTestExecutionListener, org.springframework.boot.test.autoconfigure.restdocs.RestDocsTestExecutionListener, org.springframework.boot.test.autoconfigure.web.client.MockRestServiceServerResetTestExecutionListener, org.springframework.boot.test.autoconfigure.web.servlet.MockMvcPrintOnlyOnFailureTestExecutionListener, org.springframework.boot.test.autoconfigure.web.servlet.WebDriverTestExecutionListener, org.springframework.boot.test.mock.mockito.MockitoTestExecutionListener, org.springframework.boot.test.mock.mockito.ResetMocksTestExecutionListener, org.springframework.test.context.web.ServletTestExecutionListener, org.springframework.test.context.support.DirtiesContextBeforeModesTestExecutionListener, org.springframework.test.context.support.DependencyInjectionTestExecutionListener, org.springframework.test.context.support.DirtiesContextTestExecutionListener, org.springframework.test.context.transaction.TransactionalTestExecutionListener, org.springframework.test.context.jdbc.SqlScriptsTestExecutionListener]
2021-04-29 20:17:18.772  INFO 13008 --- [    Test worker] .b.t.c.SpringBootTestContextBootstrapper : Using TestExecutionListeners: [org.springframework.test.context.web.ServletTestExecutionListener@6708faf2, org.springframework.test.context.support.DirtiesContextBeforeModesTestExecutionListener@341d9f1d, org.springframework.boot.test.mock.mockito.MockitoTestExecutionListener@69207774, org.springframework.boot.test.autoconfigure.SpringBootDependencyInjectionTestExecutionListener@f4d7a38, org.springframework.test.context.support.DirtiesContextTestExecutionListener@2f32ce49, org.springframework.test.context.transaction.TransactionalTestExecutionListener@778f49c5, org.springframework.test.context.jdbc.SqlScriptsTestExecutionListener@1d7e1b97, org.springframework.security.test.context.support.WithSecurityContextTestExecutionListener@79862eba, org.springframework.security.test.context.support.ReactorContextTestExecutionListener@40fff745, org.springframework.boot.test.autoconfigure.restdocs.RestDocsTestExecutionListener@4db34ffe, org.springframework.boot.test.autoconfigure.web.client.MockRestServiceServerResetTestExecutionListener@207c477c, org.springframework.boot.test.autoconfigure.web.servlet.MockMvcPrintOnlyOnFailureTestExecutionListener@68474e37, org.springframework.boot.test.autoconfigure.web.servlet.WebDriverTestExecutionListener@573dc9a5, org.springframework.boot.test.mock.mockito.ResetMocksTestExecutionListener@26a003]

  .   ____          _            __ _ _
 /\\ / ___'_ __ _ _(_)_ __  __ _ \ \ \ \
( ( )\___ | '_ | '_| | '_ \/ _` | \ \ \ \
 \\/  ___)| |_)| | | | | || (_| |  ) ) ) )
  '  |____| .__|_| |_|_| |_\__, | / / / /
 =========|_|==============|___/=/_/_/_/
 :: Spring Boot ::        (v2.1.7.RELEASE)

2021-04-29 20:17:19.010  INFO 13008 --- [    Test worker] c.j.b.s.web.IndexControllerTest          : Starting IndexControllerTest on DESKTOP-GVRKPSE with PID 13008 (started by kssrc in C:\Users\kssrc\Desktop\freeWebService)
2021-04-29 20:17:19.011  INFO 13008 --- [    Test worker] c.j.b.s.web.IndexControllerTest          : The following profiles are active: oauth
2021-04-29 20:17:20.614  INFO 13008 --- [    Test worker] .s.d.r.c.RepositoryConfigurationDelegate : Bootstrapping Spring Data repositories in DEFAULT mode.
2021-04-29 20:17:20.764  INFO 13008 --- [    Test worker] .s.d.r.c.RepositoryConfigurationDelegate : Finished Spring Data repository scanning in 149ms. Found 2 repository interfaces.
2021-04-29 20:17:21.307  INFO 13008 --- [    Test worker] trationDelegate$BeanPostProcessorChecker : Bean 'org.springframework.transaction.annotation.ProxyTransactionManagementConfiguration' of type [org.springframework.transaction.annotation.ProxyTransactionManagementConfiguration$$EnhancerBySpringCGLIB$$e61517ed] is not eligible for getting processed by all BeanPostProcessors (for example: not eligible for auto-proxying)
2021-04-29 20:17:22.342  INFO 13008 --- [    Test worker] o.s.b.w.embedded.tomcat.TomcatWebServer  : Tomcat initialized with port(s): 0 (http)
2021-04-29 20:17:22.405  INFO 13008 --- [    Test worker] o.apache.catalina.core.StandardService   : Starting service [Tomcat]
2021-04-29 20:17:22.405  INFO 13008 --- [    Test worker] org.apache.catalina.core.StandardEngine  : Starting Servlet engine: [Apache Tomcat/9.0.22]
2021-04-29 20:17:23.169  INFO 13008 --- [    Test worker] o.a.c.c.C.[Tomcat].[localhost].[/]       : Initializing Spring embedded WebApplicationContext
2021-04-29 20:17:23.170  INFO 13008 --- [    Test worker] o.s.web.context.ContextLoader            : Root WebApplicationContext: initialization completed in 4139 ms
2021-04-29 20:17:23.905  INFO 13008 --- [    Test worker] com.zaxxer.hikari.HikariDataSource       : HikariPool-2 - Starting...
2021-04-29 20:17:23.907  INFO 13008 --- [    Test worker] com.zaxxer.hikari.HikariDataSource       : HikariPool-2 - Start completed.
2021-04-29 20:17:24.018  INFO 13008 --- [    Test worker] o.hibernate.jpa.internal.util.LogHelper  : HHH000204: Processing PersistenceUnitInfo [
	name: default
	...]
2021-04-29 20:17:24.056  INFO 13008 --- [    Test worker] org.hibernate.dialect.Dialect            : HHH000400: Using dialect: org.hibernate.dialect.MySQL5InnoDBDialect
Hibernate: drop table if exists posts
Hibernate: drop table if exists user
Hibernate: create table posts (id bigint not null auto_increment, created_date datetime, modified_date datetime, author varchar(255), content TEXT not null, title varchar(500) not null, primary key (id)) engine=InnoDB
Hibernate: create table user (id bigint not null auto_increment, created_date datetime, modified_date datetime, email varchar(255) not null, name varchar(255) not null, picture varchar(255), role varchar(255) not null, primary key (id)) engine=InnoDB
2021-04-29 20:17:24.214  INFO 13008 --- [    Test worker] o.h.t.schema.internal.SchemaCreatorImpl  : HHH000476: Executing import script 'org.hibernate.tool.schema.internal.exec.ScriptSourceInputNonExistentImpl@66ae1362'
2021-04-29 20:17:24.215  INFO 13008 --- [    Test worker] j.LocalContainerEntityManagerFactoryBean : Initialized JPA EntityManagerFactory for persistence unit 'default'
2021-04-29 20:17:25.175  INFO 13008 --- [    Test worker] o.h.h.i.QueryTranslatorFactoryInitiator  : HHH000397: Using ASTQueryTranslatorFactory
2021-04-29 20:17:25.637  INFO 13008 --- [    Test worker] o.s.s.web.DefaultSecurityFilterChain     : Creating filter chain: any request, [org.springframework.security.web.context.request.async.WebAsyncManagerIntegrationFilter@3879e4ba, org.springframework.security.web.context.SecurityContextPersistenceFilter@70c27c1f, org.springframework.security.web.header.HeaderWriterFilter@344b1927, org.springframework.security.web.authentication.logout.LogoutFilter@e41a92f, org.springframework.security.oauth2.client.web.OAuth2AuthorizationRequestRedirectFilter@1b0b006a, org.springframework.security.oauth2.client.web.OAuth2LoginAuthenticationFilter@5e5e1064, org.springframework.security.web.authentication.ui.DefaultLoginPageGeneratingFilter@6d800204, org.springframework.security.web.authentication.ui.DefaultLogoutPageGeneratingFilter@704dc5ce, org.springframework.security.web.savedrequest.RequestCacheAwareFilter@337f74bd, org.springframework.security.web.servletapi.SecurityContextHolderAwareRequestFilter@5f91d1d4, org.springframework.security.web.authentication.AnonymousAuthenticationFilter@338693fd, org.springframework.security.web.session.SessionManagementFilter@5bbd33d9, org.springframework.security.web.access.ExceptionTranslationFilter@4b8f8d2, org.springframework.security.web.access.intercept.FilterSecurityInterceptor@22ed5221]
2021-04-29 20:17:26.204  INFO 13008 --- [    Test worker] o.s.s.concurrent.ThreadPoolTaskExecutor  : Initializing ExecutorService 'applicationTaskExecutor'
2021-04-29 20:17:26.259  WARN 13008 --- [    Test worker] aWebConfiguration$JpaWebMvcConfiguration : spring.jpa.open-in-view is enabled by default. Therefore, database queries may be performed during view rendering. Explicitly configure spring.jpa.open-in-view to disable this warning
2021-04-29 20:17:26.396  INFO 13008 --- [    Test worker] o.s.b.a.w.s.WelcomePageHandlerMapping    : Adding welcome page template: index
2021-04-29 20:17:27.487  INFO 13008 --- [    Test worker] s.a.ScheduledAnnotationBeanPostProcessor : No TaskScheduler/ScheduledExecutorService bean found for scheduled processing
2021-04-29 20:17:27.586  INFO 13008 --- [    Test worker] o.s.b.w.embedded.tomcat.TomcatWebServer  : Tomcat started on port(s): 1254 (http) with context path ''
2021-04-29 20:17:27.588  INFO 13008 --- [    Test worker] c.j.b.s.web.IndexControllerTest          : Started IndexControllerTest in 8.812 seconds (JVM running for 43.61)
2021-04-29 20:17:27.927  INFO 13008 --- [o-auto-1-exec-1] o.a.c.c.C.[Tomcat].[localhost].[/]       : Initializing Spring DispatcherServlet 'dispatcherServlet'
2021-04-29 20:17:27.929  INFO 13008 --- [o-auto-1-exec-1] o.s.web.servlet.DispatcherServlet        : Initializing Servlet 'dispatcherServlet'
2021-04-29 20:17:28.042  INFO 13008 --- [o-auto-1-exec-1] o.s.web.servlet.DispatcherServlet        : Completed initialization in 113 ms
Hibernate: select posts0_.id as id1_0_, posts0_.created_date as created_2_0_, posts0_.modified_date as modified3_0_, posts0_.author as author4_0_, posts0_.content as content5_0_, posts0_.title as title6_0_ from posts posts0_ order by posts0_.id desc
]]></system-out>
  <system-err><![CDATA[]]></system-err>
</testsuite>
