<?xml version="1.0" encoding="UTF-8"?>
<testsuite name="com.jojoldu.book.springboot.web.IndexControllerTest" tests="1" skipped="0" failures="0" errors="0" timestamp="2021-05-01T06:45:13" hostname="ip-172-31-34-244.us-east-2.compute.internal" time="0.474">
  <properties/>
  <testcase name="메인페이지_로딩" classname="com.jojoldu.book.springboot.web.IndexControllerTest" time="0.474"/>
  <system-out><![CDATA[2021-05-01 15:45:08.733  INFO 24055 --- [    Test worker] .b.t.c.SpringBootTestContextBootstrapper : Neither @ContextConfiguration nor @ContextHierarchy found for test class [com.jojoldu.book.springboot.web.IndexControllerTest], using SpringBootContextLoader
2021-05-01 15:45:08.734  INFO 24055 --- [    Test worker] o.s.t.c.support.AbstractContextLoader    : Could not detect default resource locations for test class [com.jojoldu.book.springboot.web.IndexControllerTest]: no resource found for suffixes {-context.xml, Context.groovy}.
2021-05-01 15:45:08.735  INFO 24055 --- [    Test worker] t.c.s.AnnotationConfigContextLoaderUtils : Could not detect default configuration classes for test class [com.jojoldu.book.springboot.web.IndexControllerTest]: IndexControllerTest does not declare any static, non-private, non-final, nested classes annotated with @Configuration.
2021-05-01 15:45:08.736  INFO 24055 --- [    Test worker] .b.t.c.SpringBootTestContextBootstrapper : Found @SpringBootConfiguration com.jojoldu.book.springboot.Application for test class com.jojoldu.book.springboot.web.IndexControllerTest
2021-05-01 15:45:08.740  INFO 24055 --- [    Test worker] .b.t.c.SpringBootTestContextBootstrapper : Loaded default TestExecutionListener class names from location [META-INF/spring.factories]: [org.springframework.security.test.context.support.WithSecurityContextTestExecutionListener, org.springframework.security.test.context.support.ReactorContextTestExecutionListener, org.springframework.boot.test.autoconfigure.restdocs.RestDocsTestExecutionListener, org.springframework.boot.test.autoconfigure.web.client.MockRestServiceServerResetTestExecutionListener, org.springframework.boot.test.autoconfigure.web.servlet.MockMvcPrintOnlyOnFailureTestExecutionListener, org.springframework.boot.test.autoconfigure.web.servlet.WebDriverTestExecutionListener, org.springframework.boot.test.mock.mockito.MockitoTestExecutionListener, org.springframework.boot.test.mock.mockito.ResetMocksTestExecutionListener, org.springframework.test.context.web.ServletTestExecutionListener, org.springframework.test.context.support.DirtiesContextBeforeModesTestExecutionListener, org.springframework.test.context.support.DependencyInjectionTestExecutionListener, org.springframework.test.context.support.DirtiesContextTestExecutionListener, org.springframework.test.context.transaction.TransactionalTestExecutionListener, org.springframework.test.context.jdbc.SqlScriptsTestExecutionListener]
2021-05-01 15:45:08.743  INFO 24055 --- [    Test worker] .b.t.c.SpringBootTestContextBootstrapper : Using TestExecutionListeners: [org.springframework.test.context.web.ServletTestExecutionListener@7a295346, org.springframework.test.context.support.DirtiesContextBeforeModesTestExecutionListener@12f0b61e, org.springframework.boot.test.mock.mockito.MockitoTestExecutionListener@69f9664b, org.springframework.boot.test.autoconfigure.SpringBootDependencyInjectionTestExecutionListener@5087a361, org.springframework.test.context.support.DirtiesContextTestExecutionListener@60047954, org.springframework.test.context.transaction.TransactionalTestExecutionListener@7753730c, org.springframework.test.context.jdbc.SqlScriptsTestExecutionListener@553a8893, org.springframework.security.test.context.support.WithSecurityContextTestExecutionListener@38cba5fe, org.springframework.security.test.context.support.ReactorContextTestExecutionListener@7b46a56a, org.springframework.boot.test.autoconfigure.restdocs.RestDocsTestExecutionListener@1761621d, org.springframework.boot.test.autoconfigure.web.client.MockRestServiceServerResetTestExecutionListener@161e0e72, org.springframework.boot.test.autoconfigure.web.servlet.MockMvcPrintOnlyOnFailureTestExecutionListener@731fbd1a, org.springframework.boot.test.autoconfigure.web.servlet.WebDriverTestExecutionListener@3dbc3be6, org.springframework.boot.test.mock.mockito.ResetMocksTestExecutionListener@21d1c7c6]

  .   ____          _            __ _ _
 /\\ / ___'_ __ _ _(_)_ __  __ _ \ \ \ \
( ( )\___ | '_ | '_| | '_ \/ _` | \ \ \ \
 \\/  ___)| |_)| | | | | || (_| |  ) ) ) )
  '  |____| .__|_| |_|_| |_\__, | / / / /
 =========|_|==============|___/=/_/_/_/
 :: Spring Boot ::        (v2.1.7.RELEASE)

2021-05-01 15:45:08.798  INFO 24055 --- [    Test worker] c.j.b.s.web.IndexControllerTest          : Starting IndexControllerTest on ip-172-31-34-244.us-east-2.compute.internal with PID 24055 (started by ec2-user in /home/ec2-user/app/step1/freeWebService)
2021-05-01 15:45:08.802  INFO 24055 --- [    Test worker] c.j.b.s.web.IndexControllerTest          : No active profile set, falling back to default profiles: default
2021-05-01 15:45:09.231  INFO 24055 --- [    Test worker] .s.d.r.c.RepositoryConfigurationDelegate : Bootstrapping Spring Data repositories in DEFAULT mode.
2021-05-01 15:45:09.257  INFO 24055 --- [    Test worker] .s.d.r.c.RepositoryConfigurationDelegate : Finished Spring Data repository scanning in 25ms. Found 2 repository interfaces.
2021-05-01 15:45:09.478  INFO 24055 --- [    Test worker] trationDelegate$BeanPostProcessorChecker : Bean 'org.springframework.transaction.annotation.ProxyTransactionManagementConfiguration' of type [org.springframework.transaction.annotation.ProxyTransactionManagementConfiguration$$EnhancerBySpringCGLIB$$8f9a4f3b] is not eligible for getting processed by all BeanPostProcessors (for example: not eligible for auto-proxying)
2021-05-01 15:45:10.030  INFO 24055 --- [    Test worker] o.s.b.w.embedded.tomcat.TomcatWebServer  : Tomcat initialized with port(s): 0 (http)
2021-05-01 15:45:10.118  INFO 24055 --- [    Test worker] o.apache.catalina.core.StandardService   : Starting service [Tomcat]
2021-05-01 15:45:10.119  INFO 24055 --- [    Test worker] org.apache.catalina.core.StandardEngine  : Starting Servlet engine: [Apache Tomcat/9.0.22]
2021-05-01 15:45:10.600  INFO 24055 --- [    Test worker] o.a.c.c.C.[Tomcat].[localhost].[/]       : Initializing Spring embedded WebApplicationContext
2021-05-01 15:45:10.601  INFO 24055 --- [    Test worker] o.s.web.context.ContextLoader            : Root WebApplicationContext: initialization completed in 1794 ms
2021-05-01 15:45:10.926  INFO 24055 --- [    Test worker] com.zaxxer.hikari.HikariDataSource       : HikariPool-2 - Starting...
2021-05-01 15:45:10.935  INFO 24055 --- [    Test worker] com.zaxxer.hikari.HikariDataSource       : HikariPool-2 - Start completed.
2021-05-01 15:45:10.987  INFO 24055 --- [    Test worker] o.hibernate.jpa.internal.util.LogHelper  : HHH000204: Processing PersistenceUnitInfo [
	name: default
	...]
2021-05-01 15:45:11.002  INFO 24055 --- [    Test worker] org.hibernate.dialect.Dialect            : HHH000400: Using dialect: org.hibernate.dialect.MySQL5InnoDBDialect
Hibernate: drop table if exists posts
Hibernate: drop table if exists user
Hibernate: create table posts (id bigint not null auto_increment, created_date datetime, modified_date datetime, author varchar(255), content TEXT not null, title varchar(500) not null, primary key (id)) engine=InnoDB
Hibernate: create table user (id bigint not null auto_increment, created_date datetime, modified_date datetime, email varchar(255) not null, name varchar(255) not null, picture varchar(255), role varchar(255) not null, primary key (id)) engine=InnoDB
2021-05-01 15:45:11.147  INFO 24055 --- [    Test worker] o.h.t.schema.internal.SchemaCreatorImpl  : HHH000476: Executing import script 'org.hibernate.tool.schema.internal.exec.ScriptSourceInputNonExistentImpl@2b6316c6'
2021-05-01 15:45:11.148  INFO 24055 --- [    Test worker] j.LocalContainerEntityManagerFactoryBean : Initialized JPA EntityManagerFactory for persistence unit 'default'
2021-05-01 15:45:11.843  INFO 24055 --- [    Test worker] o.h.h.i.QueryTranslatorFactoryInitiator  : HHH000397: Using ASTQueryTranslatorFactory
2021-05-01 15:45:12.163  INFO 24055 --- [    Test worker] o.s.s.web.DefaultSecurityFilterChain     : Creating filter chain: any request, [org.springframework.security.web.context.request.async.WebAsyncManagerIntegrationFilter@446acde7, org.springframework.security.web.context.SecurityContextPersistenceFilter@1eee3223, org.springframework.security.web.header.HeaderWriterFilter@7a559370, org.springframework.security.web.authentication.logout.LogoutFilter@77787487, org.springframework.security.oauth2.client.web.OAuth2AuthorizationRequestRedirectFilter@4dedf77c, org.springframework.security.oauth2.client.web.OAuth2LoginAuthenticationFilter@5e2e1f3b, org.springframework.security.web.authentication.ui.DefaultLoginPageGeneratingFilter@18683283, org.springframework.security.web.authentication.ui.DefaultLogoutPageGeneratingFilter@26b99666, org.springframework.security.web.savedrequest.RequestCacheAwareFilter@7291f4cf, org.springframework.security.web.servletapi.SecurityContextHolderAwareRequestFilter@240927fe, org.springframework.security.web.authentication.AnonymousAuthenticationFilter@44dc3da, org.springframework.security.web.session.SessionManagementFilter@5ebc4c30, org.springframework.security.web.access.ExceptionTranslationFilter@4b64eee7, org.springframework.security.web.access.intercept.FilterSecurityInterceptor@72a2126e]
2021-05-01 15:45:12.579  INFO 24055 --- [    Test worker] o.s.s.concurrent.ThreadPoolTaskExecutor  : Initializing ExecutorService 'applicationTaskExecutor'
2021-05-01 15:45:12.608  WARN 24055 --- [    Test worker] aWebConfiguration$JpaWebMvcConfiguration : spring.jpa.open-in-view is enabled by default. Therefore, database queries may be performed during view rendering. Explicitly configure spring.jpa.open-in-view to disable this warning
2021-05-01 15:45:12.662  INFO 24055 --- [    Test worker] o.s.b.a.w.s.WelcomePageHandlerMapping    : Adding welcome page template: index
2021-05-01 15:45:13.213  INFO 24055 --- [    Test worker] s.a.ScheduledAnnotationBeanPostProcessor : No TaskScheduler/ScheduledExecutorService bean found for scheduled processing
2021-05-01 15:45:13.280  INFO 24055 --- [    Test worker] o.s.b.w.embedded.tomcat.TomcatWebServer  : Tomcat started on port(s): 39365 (http) with context path ''
2021-05-01 15:45:13.285  INFO 24055 --- [    Test worker] c.j.b.s.web.IndexControllerTest          : Started IndexControllerTest in 4.538 seconds (JVM running for 24.373)
2021-05-01 15:45:13.491  INFO 24055 --- [o-auto-1-exec-1] o.a.c.c.C.[Tomcat].[localhost].[/]       : Initializing Spring DispatcherServlet 'dispatcherServlet'
2021-05-01 15:45:13.491  INFO 24055 --- [o-auto-1-exec-1] o.s.web.servlet.DispatcherServlet        : Initializing Servlet 'dispatcherServlet'
2021-05-01 15:45:13.517  INFO 24055 --- [o-auto-1-exec-1] o.s.web.servlet.DispatcherServlet        : Completed initialization in 25 ms
Hibernate: select posts0_.id as id1_0_, posts0_.created_date as created_2_0_, posts0_.modified_date as modified3_0_, posts0_.author as author4_0_, posts0_.content as content5_0_, posts0_.title as title6_0_ from posts posts0_ order by posts0_.id desc
]]></system-out>
  <system-err><![CDATA[]]></system-err>
</testsuite>
