<?xml version="1.0" encoding="UTF-8"?>
<testsuite name="com.jojoldu.book.springboot.web.HelloControllerTest" tests="2" skipped="0" failures="0" errors="0" timestamp="2021-04-29T11:17:18" hostname="DESKTOP-GVRKPSE" time="0.548">
  <properties/>
  <testcase name="hello가_리턴된다" classname="com.jojoldu.book.springboot.web.HelloControllerTest" time="0.31"/>
  <testcase name="helloDto가_리턴된다" classname="com.jojoldu.book.springboot.web.HelloControllerTest" time="0.237"/>
  <system-out><![CDATA[2021-04-29 20:17:14.701  INFO 13008 --- [    Test worker] .b.t.a.w.s.WebMvcTestContextBootstrapper : Neither @ContextConfiguration nor @ContextHierarchy found for test class [com.jojoldu.book.springboot.web.HelloControllerTest], using SpringBootContextLoader
2021-04-29 20:17:14.716  INFO 13008 --- [    Test worker] o.s.t.c.support.AbstractContextLoader    : Could not detect default resource locations for test class [com.jojoldu.book.springboot.web.HelloControllerTest]: no resource found for suffixes {-context.xml, Context.groovy}.
2021-04-29 20:17:14.726  INFO 13008 --- [    Test worker] t.c.s.AnnotationConfigContextLoaderUtils : Could not detect default configuration classes for test class [com.jojoldu.book.springboot.web.HelloControllerTest]: HelloControllerTest does not declare any static, non-private, non-final, nested classes annotated with @Configuration.
2021-04-29 20:17:14.803  INFO 13008 --- [    Test worker] .b.t.c.SpringBootTestContextBootstrapper : Found @SpringBootConfiguration com.jojoldu.book.springboot.Application for test class com.jojoldu.book.springboot.web.HelloControllerTest
2021-04-29 20:17:14.805  INFO 13008 --- [    Test worker] .b.t.a.w.s.WebMvcTestContextBootstrapper : Loaded default TestExecutionListener class names from location [META-INF/spring.factories]: [org.springframework.security.test.context.support.WithSecurityContextTestExecutionListener, org.springframework.security.test.context.support.ReactorContextTestExecutionListener, org.springframework.boot.test.autoconfigure.restdocs.RestDocsTestExecutionListener, org.springframework.boot.test.autoconfigure.web.client.MockRestServiceServerResetTestExecutionListener, org.springframework.boot.test.autoconfigure.web.servlet.MockMvcPrintOnlyOnFailureTestExecutionListener, org.springframework.boot.test.autoconfigure.web.servlet.WebDriverTestExecutionListener, org.springframework.boot.test.mock.mockito.MockitoTestExecutionListener, org.springframework.boot.test.mock.mockito.ResetMocksTestExecutionListener, org.springframework.test.context.web.ServletTestExecutionListener, org.springframework.test.context.support.DirtiesContextBeforeModesTestExecutionListener, org.springframework.test.context.support.DependencyInjectionTestExecutionListener, org.springframework.test.context.support.DirtiesContextTestExecutionListener, org.springframework.test.context.transaction.TransactionalTestExecutionListener, org.springframework.test.context.jdbc.SqlScriptsTestExecutionListener]
2021-04-29 20:17:14.807  INFO 13008 --- [    Test worker] .b.t.a.w.s.WebMvcTestContextBootstrapper : Using TestExecutionListeners: [org.springframework.test.context.web.ServletTestExecutionListener@40f86881, org.springframework.test.context.support.DirtiesContextBeforeModesTestExecutionListener@ca6845e, org.springframework.boot.test.mock.mockito.MockitoTestExecutionListener@3cbbc8ca, org.springframework.boot.test.autoconfigure.SpringBootDependencyInjectionTestExecutionListener@3300ef6e, org.springframework.test.context.support.DirtiesContextTestExecutionListener@30bf35ef, org.springframework.test.context.transaction.TransactionalTestExecutionListener@803c3d2, org.springframework.test.context.jdbc.SqlScriptsTestExecutionListener@6a1ca780, org.springframework.security.test.context.support.WithSecurityContextTestExecutionListener@5e535e32, org.springframework.security.test.context.support.ReactorContextTestExecutionListener@178a185a, org.springframework.boot.test.autoconfigure.restdocs.RestDocsTestExecutionListener@181542a, org.springframework.boot.test.autoconfigure.web.client.MockRestServiceServerResetTestExecutionListener@eaed33d, org.springframework.boot.test.autoconfigure.web.servlet.MockMvcPrintOnlyOnFailureTestExecutionListener@4a48be14, org.springframework.boot.test.autoconfigure.web.servlet.WebDriverTestExecutionListener@d4737cf, org.springframework.boot.test.mock.mockito.ResetMocksTestExecutionListener@66c1249]

  .   ____          _            __ _ _
 /\\ / ___'_ __ _ _(_)_ __  __ _ \ \ \ \
( ( )\___ | '_ | '_| | '_ \/ _` | \ \ \ \
 \\/  ___)| |_)| | | | | || (_| |  ) ) ) )
  '  |____| .__|_| |_|_| |_\__, | / / / /
 =========|_|==============|___/=/_/_/_/
 :: Spring Boot ::        (v2.1.7.RELEASE)

2021-04-29 20:17:14.960  INFO 13008 --- [    Test worker] c.j.b.s.web.HelloControllerTest          : Starting HelloControllerTest on DESKTOP-GVRKPSE with PID 13008 (started by kssrc in C:\Users\kssrc\Desktop\freeWebService)
2021-04-29 20:17:14.960  INFO 13008 --- [    Test worker] c.j.b.s.web.HelloControllerTest          : The following profiles are active: oauth
2021-04-29 20:17:16.530  INFO 13008 --- [    Test worker] o.s.s.concurrent.ThreadPoolTaskExecutor  : Initializing ExecutorService 'applicationTaskExecutor'
2021-04-29 20:17:16.621  INFO 13008 --- [    Test worker] o.s.b.a.w.s.WelcomePageHandlerMapping    : Adding welcome page template: index
2021-04-29 20:17:17.262  INFO 13008 --- [    Test worker] .s.s.UserDetailsServiceAutoConfiguration : 

Using generated security password: 7792f64c-14d2-4d1b-88ee-3ecf6fea5b1a

2021-04-29 20:17:17.897  INFO 13008 --- [    Test worker] o.s.s.web.DefaultSecurityFilterChain     : Creating filter chain: any request, [org.springframework.security.web.context.request.async.WebAsyncManagerIntegrationFilter@6da40792, org.springframework.security.web.context.SecurityContextPersistenceFilter@286eb875, org.springframework.security.web.header.HeaderWriterFilter@7f86acc9, org.springframework.security.web.csrf.CsrfFilter@30b6fdf5, org.springframework.security.web.authentication.logout.LogoutFilter@d99d336, org.springframework.security.web.authentication.UsernamePasswordAuthenticationFilter@6c8f0965, org.springframework.security.web.authentication.ui.DefaultLoginPageGeneratingFilter@203958a7, org.springframework.security.web.authentication.ui.DefaultLogoutPageGeneratingFilter@61ea4bbf, org.springframework.security.web.authentication.www.BasicAuthenticationFilter@2edb73ed, org.springframework.security.web.savedrequest.RequestCacheAwareFilter@578a1621, org.springframework.security.web.servletapi.SecurityContextHolderAwareRequestFilter@1d2008fd, org.springframework.security.web.authentication.AnonymousAuthenticationFilter@14db1874, org.springframework.security.web.session.SessionManagementFilter@7858af99, org.springframework.security.web.access.ExceptionTranslationFilter@38d8e879, org.springframework.security.web.access.intercept.FilterSecurityInterceptor@35de1343]
2021-04-29 20:17:18.033  INFO 13008 --- [    Test worker] o.s.b.t.m.w.SpringBootMockServletContext : Initializing Spring TestDispatcherServlet ''
2021-04-29 20:17:18.034  INFO 13008 --- [    Test worker] o.s.t.web.servlet.TestDispatcherServlet  : Initializing Servlet ''
2021-04-29 20:17:18.074  INFO 13008 --- [    Test worker] o.s.t.web.servlet.TestDispatcherServlet  : Completed initialization in 40 ms
2021-04-29 20:17:18.189  INFO 13008 --- [    Test worker] c.j.b.s.web.HelloControllerTest          : Started HelloControllerTest in 3.377 seconds (JVM running for 34.211)
]]></system-out>
  <system-err><![CDATA[]]></system-err>
</testsuite>
