<?xml version="1.0" encoding="UTF-8"?>
<testsuite name="com.jojoldu.book.springboot.web.HelloControllerTest" tests="2" skipped="0" failures="0" errors="0" timestamp="2021-05-01T06:45:08" hostname="ip-172-31-34-244.us-east-2.compute.internal" time="0.338">
  <properties/>
  <testcase name="hello가_리턴된다" classname="com.jojoldu.book.springboot.web.HelloControllerTest" time="0.151"/>
  <testcase name="helloDto가_리턴된다" classname="com.jojoldu.book.springboot.web.HelloControllerTest" time="0.186"/>
  <system-out><![CDATA[2021-05-01 15:45:06.474  INFO 24055 --- [    Test worker] .b.t.a.w.s.WebMvcTestContextBootstrapper : Neither @ContextConfiguration nor @ContextHierarchy found for test class [com.jojoldu.book.springboot.web.HelloControllerTest], using SpringBootContextLoader
2021-05-01 15:45:06.476  INFO 24055 --- [    Test worker] o.s.t.c.support.AbstractContextLoader    : Could not detect default resource locations for test class [com.jojoldu.book.springboot.web.HelloControllerTest]: no resource found for suffixes {-context.xml, Context.groovy}.
2021-05-01 15:45:06.476  INFO 24055 --- [    Test worker] t.c.s.AnnotationConfigContextLoaderUtils : Could not detect default configuration classes for test class [com.jojoldu.book.springboot.web.HelloControllerTest]: HelloControllerTest does not declare any static, non-private, non-final, nested classes annotated with @Configuration.
2021-05-01 15:45:06.531  INFO 24055 --- [    Test worker] .b.t.c.SpringBootTestContextBootstrapper : Found @SpringBootConfiguration com.jojoldu.book.springboot.Application for test class com.jojoldu.book.springboot.web.HelloControllerTest
2021-05-01 15:45:06.535  INFO 24055 --- [    Test worker] .b.t.a.w.s.WebMvcTestContextBootstrapper : Loaded default TestExecutionListener class names from location [META-INF/spring.factories]: [org.springframework.security.test.context.support.WithSecurityContextTestExecutionListener, org.springframework.security.test.context.support.ReactorContextTestExecutionListener, org.springframework.boot.test.autoconfigure.restdocs.RestDocsTestExecutionListener, org.springframework.boot.test.autoconfigure.web.client.MockRestServiceServerResetTestExecutionListener, org.springframework.boot.test.autoconfigure.web.servlet.MockMvcPrintOnlyOnFailureTestExecutionListener, org.springframework.boot.test.autoconfigure.web.servlet.WebDriverTestExecutionListener, org.springframework.boot.test.mock.mockito.MockitoTestExecutionListener, org.springframework.boot.test.mock.mockito.ResetMocksTestExecutionListener, org.springframework.test.context.web.ServletTestExecutionListener, org.springframework.test.context.support.DirtiesContextBeforeModesTestExecutionListener, org.springframework.test.context.support.DependencyInjectionTestExecutionListener, org.springframework.test.context.support.DirtiesContextTestExecutionListener, org.springframework.test.context.transaction.TransactionalTestExecutionListener, org.springframework.test.context.jdbc.SqlScriptsTestExecutionListener]
2021-05-01 15:45:06.540  INFO 24055 --- [    Test worker] .b.t.a.w.s.WebMvcTestContextBootstrapper : Using TestExecutionListeners: [org.springframework.test.context.web.ServletTestExecutionListener@2dd2f226, org.springframework.test.context.support.DirtiesContextBeforeModesTestExecutionListener@3c7ac181, org.springframework.boot.test.mock.mockito.MockitoTestExecutionListener@17f5993f, org.springframework.boot.test.autoconfigure.SpringBootDependencyInjectionTestExecutionListener@3d51045b, org.springframework.test.context.support.DirtiesContextTestExecutionListener@7289215, org.springframework.test.context.transaction.TransactionalTestExecutionListener@6d343db8, org.springframework.test.context.jdbc.SqlScriptsTestExecutionListener@56337d40, org.springframework.security.test.context.support.WithSecurityContextTestExecutionListener@6375c801, org.springframework.security.test.context.support.ReactorContextTestExecutionListener@200e5640, org.springframework.boot.test.autoconfigure.restdocs.RestDocsTestExecutionListener@6c9b7604, org.springframework.boot.test.autoconfigure.web.client.MockRestServiceServerResetTestExecutionListener@210fdfaa, org.springframework.boot.test.autoconfigure.web.servlet.MockMvcPrintOnlyOnFailureTestExecutionListener@6c772e4a, org.springframework.boot.test.autoconfigure.web.servlet.WebDriverTestExecutionListener@3e99c9d2, org.springframework.boot.test.mock.mockito.ResetMocksTestExecutionListener@905b353]

  .   ____          _            __ _ _
 /\\ / ___'_ __ _ _(_)_ __  __ _ \ \ \ \
( ( )\___ | '_ | '_| | '_ \/ _` | \ \ \ \
 \\/  ___)| |_)| | | | | || (_| |  ) ) ) )
  '  |____| .__|_| |_|_| |_\__, | / / / /
 =========|_|==============|___/=/_/_/_/
 :: Spring Boot ::        (v2.1.7.RELEASE)

2021-05-01 15:45:06.612  INFO 24055 --- [    Test worker] c.j.b.s.web.HelloControllerTest          : Starting HelloControllerTest on ip-172-31-34-244.us-east-2.compute.internal with PID 24055 (started by ec2-user in /home/ec2-user/app/step1/freeWebService)
2021-05-01 15:45:06.618  INFO 24055 --- [    Test worker] c.j.b.s.web.HelloControllerTest          : No active profile set, falling back to default profiles: default
2021-05-01 15:45:07.518  INFO 24055 --- [    Test worker] o.s.s.concurrent.ThreadPoolTaskExecutor  : Initializing ExecutorService 'applicationTaskExecutor'
2021-05-01 15:45:07.599  INFO 24055 --- [    Test worker] o.s.b.a.w.s.WelcomePageHandlerMapping    : Adding welcome page template: index
2021-05-01 15:45:07.978  INFO 24055 --- [    Test worker] .s.s.UserDetailsServiceAutoConfiguration : 

Using generated security password: 0f2ce27b-c296-4dff-af82-ee02bcafab90

2021-05-01 15:45:08.225  INFO 24055 --- [    Test worker] o.s.s.web.DefaultSecurityFilterChain     : Creating filter chain: any request, [org.springframework.security.web.context.request.async.WebAsyncManagerIntegrationFilter@464e0446, org.springframework.security.web.context.SecurityContextPersistenceFilter@749106f6, org.springframework.security.web.header.HeaderWriterFilter@38e40a05, org.springframework.security.web.csrf.CsrfFilter@804cd60, org.springframework.security.web.authentication.logout.LogoutFilter@56886bec, org.springframework.security.web.authentication.UsernamePasswordAuthenticationFilter@5e04de4a, org.springframework.security.web.authentication.ui.DefaultLoginPageGeneratingFilter@56c6b608, org.springframework.security.web.authentication.ui.DefaultLogoutPageGeneratingFilter@73f8a2d9, org.springframework.security.web.authentication.www.BasicAuthenticationFilter@a2683fa, org.springframework.security.web.savedrequest.RequestCacheAwareFilter@75897481, org.springframework.security.web.servletapi.SecurityContextHolderAwareRequestFilter@6d25fc17, org.springframework.security.web.authentication.AnonymousAuthenticationFilter@4d7fc60f, org.springframework.security.web.session.SessionManagementFilter@1625afb4, org.springframework.security.web.access.ExceptionTranslationFilter@2eb5f590, org.springframework.security.web.access.intercept.FilterSecurityInterceptor@44db4f9]
2021-05-01 15:45:08.294  INFO 24055 --- [    Test worker] o.s.b.t.m.w.SpringBootMockServletContext : Initializing Spring TestDispatcherServlet ''
2021-05-01 15:45:08.294  INFO 24055 --- [    Test worker] o.s.t.web.servlet.TestDispatcherServlet  : Initializing Servlet ''
2021-05-01 15:45:08.320  INFO 24055 --- [    Test worker] o.s.t.web.servlet.TestDispatcherServlet  : Completed initialization in 25 ms
2021-05-01 15:45:08.385  INFO 24055 --- [    Test worker] c.j.b.s.web.HelloControllerTest          : Started HelloControllerTest in 1.839 seconds (JVM running for 19.473)
]]></system-out>
  <system-err><![CDATA[]]></system-err>
</testsuite>
